<?xml version="1.0" encoding="UTF-8"?>
<!-- Generated by org.testng.reporters.JUnitReportReporter -->
<testsuite hostname="WKMIN2746738" name="automation.suite.test.API_Tests" tests="5" failures="0" timestamp="26 Mar 2019 23:47:36 GMT" time="3.457" errors="0">
  <testcase name="api_verifyJsonSchema" time="0.762" classname="automation.suite.test.API_Tests"/>
  <testcase name="api_updateNewlyAddedEmployee" time="0.435" classname="automation.suite.test.API_Tests"/>
  <testcase name="api_creatandVerifyNewEmployee" time="1.204" classname="automation.suite.test.API_Tests"/>
  <testcase name="api_deleteNewlyAddedEmployee" time="0.539" classname="automation.suite.test.API_Tests"/>
  <testcase name="api_verifyNewlyAddedEmployee" time="0.517" classname="automation.suite.test.API_Tests"/>
</testsuite> <!-- automation.suite.test.API_Tests -->
